// @note        2019.03.18-V0.2.00      循环弹幕可以设置多条，随机发送；新增弹幕倒计时；界面美化一下？抽奖弹幕新增一种查询类型
// @note        2019.03.18-V0.3.00      界面修改；界面可隐藏；可以设置是否发送默认弹幕
// @note        2019.03.18-V0.3.01      小 BUG 修复
// @note        2019.03.19-V0.4.00      引入 JQuery 改写，还没改完；更新了弹幕抽奖元素获取（因为斗鱼改了）；增加设置抽奖弹幕次数；发送弹幕时可以修改循环弹幕
// @note        2019.03.23-V0.4.01      完善了一下代码；完善了界面；修改了字体
// @note        2019.03.23-V0.5.00      添加了斗鱼清爽模式 : 隐藏部分、隐藏全部、删除元素
// @note        2019.03.23-V0.5.01      修缮清爽模式；添加自动领取观看鱼丸（不是鱼秀宝箱）
// @note        2019.03.24-V0.5.02-03   修缮自动领取观看鱼丸；修缮隐藏全部元素的返回按钮；修改介绍。。。
// @note        2019.03.26-V0.5.04      修缮自动领取观看鱼丸，如果无法领取则清除循环
// @note        2019.03.28-V0.5.05      解决 jQuery $ 冲突；清爽模式处理粉丝节
// @note        2019.03.31-V0.6.00-01   添加“功能自动化”设置面板；修改介绍
// @note        2019.04.02-V0.6.02      代码重写
// @note        2019.04.04-V0.6.03      添加抄袭弹幕；完善设置信息存储
// @note        2019.05.25-V0.6.04      完善清爽模式退出
// @note        2019.06.11-V0.6.05      更新斗鱼领取宝箱
// @note        2019.07.04-V0.7.00      聚合脚本图标；删去抽奖弹幕
// @note        2019.07.05-V0.7.01-02   添加抽奖弹幕；发送时间设定改为间隔时间，单位改为毫秒；修改循环弹幕会自动保存
// @note        2019.07.06-V0.7.03      发送弹幕时间在间隔内随机
// @note        2019.07.06-V0.7.04      更新介绍（我觉得我输在介绍不够长、不够骚）
// @note        2019.07.06-V0.7.05      自动领鱼丸更新；抽奖弹幕更新（感谢 beacoolguy 的反馈）
// @note        2019.07.06-V0.7.06      自动点击抽奖弹幕“一键参与”（仅限发弹幕抽奖）；清爽模式屏蔽贵族弹幕
// @note        2019.07.09-V0.7.07      抽奖弹幕“一键参与”（仅限条件 : 发弹幕和关注主播）；样式修改；新功能（关键词自动回复展望）
// @note        2019.07.09-V0.7.08      清爽模式针对“topic”直播间和大屏幕优化
// @note        2019.07.11-V0.7.09      添加关键词回复（目前只能设置关键词和回复，无法使用）
// @note        2019.07.14-V0.8.00-01   关键词回复可以使用啦！！！（最多五条关键词）
// @note        2019.08.12-V0.8.02-03   弹幕抽奖完善拥有粉丝牌的抽奖条件；部分清爽模式修改
// @note        2019.08.13-V0.8.04-08   清爽模式部分隐藏修缮
// @note        2019.09.05-V0.8.09      修缮关键词回复对于有粉丝牌无效的问题
// @note        2019.09.08-V0.9.00      关键词回复可以添加和删除；新一轮抽奖开启后清除上一轮抽奖弹幕内容
// @note        2019.09.10-V0.9.01      解决初始化失败的问题
// @note        2019.09.10-V0.9.02      解决关键词回复自己弹幕的问题
// @note        2019.09.10-V0.9.03      解决初始化失败的问题
// @note        2019.09.12-V0.9.04      在主播公司旁显示直播时长
// @note        2019.09.14-V1.0.00-01   Vue 重写自动发送弹幕和自动化配置界面；取消默认弹幕，抄袭弹幕增加抄袭间隔；取消显示直播时长；更新介绍
// @note        2019.09.14-V1.0.02      修复弹幕抽奖不工作；添加删除无关元素
// @note        2019.09.14-V1.0.03      修复弹幕抽奖不工作；Vue 重写清爽模式
// @note        2019.09.14-V1.0.04      修复关键词回复无法自动配置的问题；添加保留词 {showT} 用于替换主播直播时长
// @note        2019.09.15-V1.0.05      将主播直播时长保存在本地；修复 {showT} 替换失败问题
// @note        2019.09.15-V1.0.06      修复抽奖弹幕赠送 666 的问题
// @note        2019.09.16-V1.0.07      设置抄袭弹幕和循环弹幕优先级相同
// @note        2019.09.16-V1.0.08      解决 topic 房间 id 获取失败的问题
// @note        2019.09.24-V1.0.09      清除分区冠军赛；自动最低（高）画质
// @note        2019.09.24-V1.1.00      自动参与火力全开；解决自动签到、领取鱼丸一直检测的问题
// @note        2019.09.25-V1.1.01      更新自动领取鱼丸；解决处于发送等待期尝试发送弹幕的问题；领取鱼丸发送弹幕任务无法完成
// @note        2019.09.25-V1.1.02      添加在电脑面前检测
// @note        2019.09.28-V1.1.03      修复删除元素后宽屏导致礼物栏显示空白的问题
// @note        2019.10.06-V1.1.04      清爽模式增加单独处理弹幕栏；清爽信息栏还未实现
// @note        2019.10.07-V1.1.05      优化清爽模式；全屏模式、网页全屏已失效
// @note        2019.10.07-V1.1.06      解决宽屏模式白屏的问题；添加清爽模式功能；全屏模式、网页全屏在 Mac Chrome 会失效
// @note        2019.10.08-V1.1.07-08   优化清爽模式按键；新增删除元素解决内存溢出；修改介绍
// @note        2019.10.13-V1.1.09      普通直播间关灯模式优化；topic 房间清爽模式播放器和删除元素优化
// @note        2019.10.14-V1.1.10      优化 topic 房间和大屏关灯模式
// @note        2019.10.14-V1.2.01-02   优化脚本界面；添加脚本清爽，页面加载时即可清爽；修改介绍
// @note        2019.10.15-V1.2.03      修复设置版面清爽模式启动后无限触发的问题；修复脚本清爽无法启动的问题
// @note        2019.10.15-V1.2.04-05   优化关灯模式；针对有背景直播间优化；静音、关闭弹幕自动化；修改介绍
// @note        2019.10.16-V1.2.06      更新快捷键（Shift + a : 打开发送弹幕界面；Shift + s : 打开清爽模式界面；Shift + d : 打开自动设置界面）
// @note        2019.10.17-V1.2.07      修改按钮配色
// @note        2019.10.19-V1.3.01      弹幕栏清爽后显示直播间热度和直播时长；优化脚本清爽（针对有背景图片的直播间）
// @note        2019.10.19-V1.3.02      脚本清爽普通直播间白屏问题
// @note        2019.10.19-V1.3.03      脚本清爽有背景的普通直播间白屏问题；完善主播直播时间获取；弹幕栏清爽（去除标签）
// @note        2019.10.19-V1.3.04      完善弹幕栏清爽（去除背景颜色）
// @note        2019.10.20-V1.3.05      解决脚本清爽启动消除弹幕栏清爽的 BUG
// @note        2019.10.24-V1.3.06-08   增加显示真实人数；修复真实人数 BUG
// @note        2019.11.11-V1.3.09      弹幕抽奖更新；真实人数更新
// @note        2019.11.13-V1.3.10      签到后关闭弹出的框；宽屏模式显示竞猜
// @note        2019.11.15-V1.3.11      修复抽奖弹幕会复制“复制”两个字的问题
// @note        2019.11.17-V1.3.12-13   清爽模式和宽屏模式优化；关灯模式优化
// @note        2019.12.10-V1.4.01      批量取关
// @note        2019.12.29-V1.4.02      清爽模式自定义；快捷键清除弹幕（Shift + c）；清爽模式快捷键（Shift + u/i/o/p）；礼物栏清爽优化
// @note        2020.04.16-V1.4.03      清爽模式信息栏、弹幕栏、播放器更新（有背景的直播间播放器还未更新）
// @note        2020.04.16-V1.4.04      清爽模式信息栏优化
// @note        2020.04.26-V1.4.05      代码修改
// @note        2020.04.27-V1.4.06      自动给有牌子的主播赠送一根荧光棒
// @note        2020.04.28-V1.4.07      发送弹幕部分使用原生 JS 重写
// @note        2020.04.29-V1.4.08      弹幕栏清爽模式优化
// @note        2020.04.29-V1.4.09      关灯模式改为黑暗模式
// @note        2020.04.29-V1.4.10      黑暗模式需要手动开启
// @note        2020.04.30-V1.5.01      黑暗模式优化，且可以自动开启
// @note        2020.04.30-V1.5.02      网页打开就是黑暗模式，无需加载原来的样式
// @note        2020.04.30-V1.5.03-04   黑暗模式优化
// @note        2020.04.30-V1.5.05      脚本清爽礼物栏优化
// @note        2020.04.30-V1.5.06      修复关键词回复 BUG
// @note        2020.04.30-V1.5.07      修复抽奖弹幕 BUG
// @note        2020.05.05-V1.5.08-09   清爽模式优化，页面加载过程中即可隐藏元素
// @note        2020.05.07-V1.6.00      代码重写完毕，不依赖于 jQuery 和 Vue
// @note        2020.05.07-V1.6.01      修复抽奖弹幕提取失败的问题
// @note        2020.05.07-V1.6.02      针对 topic 房间优化清爽模式和黑暗模式
// @note        2020.05.07-V1.6.03      黑暗模式按钮修改到右上角，并且关注列表也有黑暗模式
// @note        2020.05.07-V1.6.04      修复自动静音 BUG
// @note        2020.05.07-V1.6.05      领取鱼塘优化
// @note        2020.05.07-V1.6.06      解决关键词回复会回复同一个弹幕的问题
// @note        2020.05.08-V1.7.00      B 站首页和 video 黑暗模式
// @note        2020.05.08-V1.7.01-02   B 站动态和排行榜黑暗模式；黑暗模式优化
// @note        2020.05.08-V1.7.03      修复不能赠送荧光棒的问题
// @note        2020.05.09-V1.7.04      斗鱼黑暗模式和礼物栏清爽模式优化
// @note        2020.05.10-V1.7.05      斗鱼礼物栏清爽模式优化
// @note        2020.05.11-V1.7.06      黑暗模式快捷键修改
// @note        2020.05.11-V1.7.07      自动暂停播放
// @note        2020.05.13-V1.8.00      黑暗模式（灰色、黑色、自定义）
// @note        2020.05.13-V1.8.01      黑暗模式自定义优化
// @note        2020.05.19-V1.8.02      B 站黑暗模式优化
// @note        2020.05.19-V1.8.03      斗鱼黑暗模式、领取鱼丸优化
// @note        2020.05.19-V1.8.04      清爽模式独立出来
// @note        2020.05.19-V1.8.05      修复抽奖弹幕复制“弹幕：”的问题
// @note        2020.05.19-V1.8.06      B 站直播间清爽模式
// @note        2020.05.20-V1.8.07      自动领取鱼丸 BUG 修复
// @note        2020.05.20-V1.8.08-11   虎牙清爽模式优化；斗鱼清爽模式优化
// @note        2020.05.25-V1.8.12      斗鱼脚本界面简化，修复宽屏模式和网页全屏不能自动设置的 BUG
// @note        2020.05.25-V1.8.13      虎牙清爽优化
// @note        2020.05.25-V1.8.14      修复斗鱼抽奖弹幕 BUG
// @note        2020.05.28-V1.8.15      斗鱼领取鱼塘自动寻宝
// @note        2020.06.01-V1.8.16      优化斗鱼自动寻宝和 topic 房间背景
// @note        2020.06.01-V1.8.17      虎牙黑暗模式
// @note        2020.06.02-V1.8.18      黑暗模式和清爽模式优化
// @note        2020.06.02-V1.8.19-20   斗鱼清爽模式优化，抽奖弹幕不会进入下一轮的 BUG
// @note        2020.06.03-V1.8.21-32   B 站直播黑暗模式优化，B 站直播清爽模式优化，虎牙清爽模式优化
// @note        2020.06.15-V1.8.33      斗鱼默认画质 BUG 修复
// @note        2020.06.15-V1.9.01-02   虎牙循环弹幕，虎牙清爽模式优化
// @note        2020.06.16-V1.9.03-05   虎牙自动化配置，修改介绍，斗鱼清爽模式优化
// @note        2020.06.16-V1.9.06      斗鱼自动寻宝 BUG 修复
// @note        2020.06.17-V2.1.01-07   B 站自动化配置，清爽模式优化，修改介绍
// @note        2020.06.30-V2.1.08      斗鱼签到（只签到已关注房间）
// @note        2020.06.30-V2.1.09      清爽模式细节优化
// @note        2020.07.05-V2.1.10      B 站直播间自动领取舰长辣条，B 站清爽模式隐藏更多元素
// @note        2020.07.08-V2.1.11      修复虎牙自动化 BUG
// @note        2020.07.19-V2.1.12      修复虎牙最高画质暂停 BUG，修复 B 站宽屏模式BUG，优化 B 站控制板大小
// @note        2020.07.19-V2.1.13      修复 topic 为 lol 的房间的清爽模式白屏 BUG
// @note        2020.07.20-V2.2.01      自动发弹幕修改分为本房间和所有房间
// @note        2020.08.01-V2.2.02-03   斗鱼清爽模式优化；修复虎牙 id 为字母的房间脚本加载错误的 BUG
// @note        2020.08.05-V2.2.04      代码优化；修复获取在线人数 BUG
// @note        2020.08.05-V2.2.05      斗鱼直播人数显示时，下调周榜及弹幕位置
// @note        2020.08.06-V2.2.06      兼容友商拉高
// @note        2020.08.06-V2.2.07      鱼粮不足会取消寻宝
// @note        2020.09.12-V2.2.08      取消关注新增通知栏
// @note        2020.09.12-V2.2.09      使用新型弹窗；修复抄袭弹幕总是发送同一个的问题
// @note        2020.09.12-V2.2.10      修复清爽模式会隐藏二级目录下的预言问题
// @note        2020.09.12-V2.2.11      修复直播时间显示 BUG
// @note        2020.09.12-V2.2.12      新增寻宝通知
// @note        2020.09.12-V2.2.13      优化移动预言位置的操作
// @note        2020.12.05-V2.2.14      修复b站播放视频选择框无法显示的问题，b站动态黑暗模式优化
// @note        2020.12.16-V2.2.15      修复b站播放视频选择框无法显示的问题
// @note        2021.01.09-V2.2.16      修复开关状态显示按钮可以点击的问题，修复斗鱼无法领取鱼丸的问题
// @note        2021.01.12-V2.2.17      修复b站直播按钮显示问题
